<?xml version="1.0" encoding="UTF-8"?>
<testng-results ignored="0" total="2" passed="2" failed="0" skipped="0">
  <reporter-output>
  </reporter-output>
  <suite started-at="2023-02-13T08:53:45 IST" name="Default suite" finished-at="2023-02-13T08:53:51 IST" duration-ms="6276">
    <groups>
      <group name="regression">
        <method signature="PIMTest.verifyPIMPageTitle()[pri:3, instance:test.PIMTest@7bba5817]" name="verifyPIMPageTitle" class="test.PIMTest"/>
        <method signature="PIMTest.verifyEmpIDfromSearch()[pri:4, instance:test.PIMTest@7bba5817]" name="verifyEmpIDfromSearch" class="test.PIMTest"/>
      </group> <!-- regression -->
      <group name="sanity">
        <method signature="PIMTest.verifyPIMPageTitle()[pri:3, instance:test.PIMTest@7bba5817]" name="verifyPIMPageTitle" class="test.PIMTest"/>
        <method signature="PIMTest.verifyEmpIDfromSearch()[pri:4, instance:test.PIMTest@7bba5817]" name="verifyEmpIDfromSearch" class="test.PIMTest"/>
      </group> <!-- sanity -->
    </groups>
    <test started-at="2023-02-13T08:53:45 IST" name="Default test" finished-at="2023-02-13T08:53:51 IST" duration-ms="6276">
      <class name="test.PIMTest">
        <test-method is-config="true" signature="initBrowser()[pri:0, instance:test.PIMTest@7bba5817]" started-at="2023-02-13T08:53:32 IST" name="initBrowser" finished-at="2023-02-13T08:53:45 IST" duration-ms="12774" status="PASS">
          <reporter-output>
          </reporter-output>
        </test-method> <!-- initBrowser -->
        <test-method is-config="true" signature="pageobjects()[pri:0, instance:test.PIMTest@7bba5817]" started-at="2023-02-13T08:53:45 IST" name="pageobjects" finished-at="2023-02-13T08:53:45 IST" duration-ms="35" status="PASS">
          <reporter-output>
          </reporter-output>
        </test-method> <!-- pageobjects -->
        <test-method is-config="true" signature="login()[pri:0, instance:test.PIMTest@7bba5817]" started-at="2023-02-13T08:53:45 IST" name="login" finished-at="2023-02-13T08:53:47 IST" duration-ms="2364" status="PASS">
          <reporter-output>
          </reporter-output>
        </test-method> <!-- login -->
        <test-method signature="verifyPIMPageTitle()[pri:3, instance:test.PIMTest@7bba5817]" started-at="2023-02-13T08:53:47 IST" name="verifyPIMPageTitle" finished-at="2023-02-13T08:53:49 IST" duration-ms="1716" status="PASS">
          <reporter-output>
          </reporter-output>
        </test-method> <!-- verifyPIMPageTitle -->
        <test-method signature="verifyEmpIDfromSearch()[pri:4, instance:test.PIMTest@7bba5817]" started-at="2023-02-13T08:53:49 IST" name="verifyEmpIDfromSearch" finished-at="2023-02-13T08:53:49 IST" duration-ms="114" status="PASS">
          <reporter-output>
          </reporter-output>
        </test-method> <!-- verifyEmpIDfromSearch -->
        <test-method is-config="true" signature="logOutUser()[pri:0, instance:test.PIMTest@7bba5817]" started-at="2023-02-13T08:53:49 IST" name="logOutUser" finished-at="2023-02-13T08:53:51 IST" duration-ms="1975" status="PASS">
          <reporter-output>
          </reporter-output>
        </test-method> <!-- logOutUser -->
        <test-method is-config="true" signature="tearDownEnvironment()[pri:0, instance:test.PIMTest@7bba5817]" started-at="2023-02-13T08:53:51 IST" name="tearDownEnvironment" finished-at="2023-02-13T08:53:52 IST" duration-ms="731" status="PASS">
          <reporter-output>
          </reporter-output>
        </test-method> <!-- tearDownEnvironment -->
      </class> <!-- test.PIMTest -->
    </test> <!-- Default test -->
  </suite> <!-- Default suite -->
</testng-results>
